#
# There is insufficient memory for the Java Runtime Environment to continue.
# Native memory allocation (malloc) failed to allocate 1174496 bytes for Chunk::new
# Possible reasons:
#   The system is out of physical RAM or swap space
#   In 32 bit mode, the process size limit was hit
# Possible solutions:
#   Reduce memory load on the system
#   Increase physical memory or swap space
#   Check if swap backing store is full
#   Use 64 bit Java on a 64 bit OS
#   Decrease Java heap size (-Xmx/-Xms)
#   Decrease number of Java threads
#   Decrease Java thread stack sizes (-Xss)
#   Set larger code cache with -XX:ReservedCodeCacheSize=
# This output file may be truncated or incomplete.
#
#  Out of Memory Error (allocation.cpp:390), pid=42220, tid=0x000000000000afec
#
# JRE version: OpenJDK Runtime Environment (8.0_152-b04) (build 1.8.0_152-release-1136-b04)
# Java VM: OpenJDK 64-Bit Server VM (25.152-b04 mixed mode windows-amd64 compressed oops)
# Failed to write core dump. Minidumps are not enabled by default on client versions of Windows
#

---------------  T H R E A D  ---------------

Current thread (0x000000001772a800):  JavaThread "C2 CompilerThread0" daemon [_thread_in_native, id=45036, stack(0x0000000019040000,0x0000000019140000)]

Stack: [0x0000000019040000,0x0000000019140000]
[error occurred during error reporting (printing stack bounds), id 0xc0000005]

Native frames: (J=compiled Java code, j=interpreted, Vv=VM code, C=native code)


Current CompileTask:
C2:3100683 21747       4       com.android.tools.r8.ir.regalloc.LinearScanRegisterAllocator::allocateSingleInterval (797 bytes)


---------------  P R O C E S S  ---------------

Java Threads: ( => current thread )
  0x000000001dd66800 JavaThread "ForkJoinPool.commonPool-worker-0" daemon [_thread_in_vm, id=41956, stack(0x0000000033f80000,0x0000000034080000)]
  0x000000001dd62000 JavaThread "ForkJoinPool.commonPool-worker-3" daemon [_thread_in_native, id=41260, stack(0x0000000033e80000,0x0000000033f80000)]
  0x000000001dd62800 JavaThread "ForkJoinPool.commonPool-worker-2" daemon [_thread_in_native, id=17456, stack(0x0000000033d80000,0x0000000033e80000)]
  0x000000001dd68800 JavaThread "Cache worker for Java compile cache (E:\android project\.gradle\4.6\javaCompile)" [_thread_blocked, id=41516, stack(0x0000000033c80000,0x0000000033d80000)]
  0x000000001dd63800 JavaThread "RMI TCP Connection(102)-127.0.0.1" daemon [_thread_in_native, id=38476, stack(0x0000000033b80000,0x0000000033c80000)]
  0x000000001dd68000 JavaThread "RMI TCP Connection(101)-127.0.0.1" daemon [_thread_in_native, id=43024, stack(0x0000000033a80000,0x0000000033b80000)]
  0x000000001dd65800 JavaThread "stdout" [_thread_in_native, id=34636, stack(0x0000000033880000,0x0000000033980000)]
  0x00000000242be000 JavaThread "stderr" [_thread_in_native, id=35364, stack(0x0000000033780000,0x0000000033880000)]
  0x00000000242bc000 JavaThread "pool-43-thread-1" [_thread_blocked, id=43880, stack(0x0000000033680000,0x0000000033780000)]
  0x00000000242c0800 JavaThread "Task worker for ':' Thread 3" [_thread_blocked, id=17624, stack(0x0000000033580000,0x0000000033680000)]
  0x00000000242bc800 JavaThread "Task worker for ':' Thread 2" [_thread_blocked, id=36416, stack(0x0000000033480000,0x0000000033580000)]
  0x00000000242bf800 JavaThread "Task worker for ':'" [_thread_blocked, id=36484, stack(0x0000000033380000,0x0000000033480000)]
  0x00000000242bf000 JavaThread "Cache worker for Build Output Cleanup Cache (E:\android project\.gradle\buildOutputCleanup)" [_thread_blocked, id=24892, stack(0x0000000033280000,0x0000000033380000)]
  0x00000000242c1000 JavaThread "Cache worker for task history cache (E:\android project\.gradle\4.6\taskHistory)" [_thread_blocked, id=28712, stack(0x0000000033180000,0x0000000033280000)]
  0x00000000242bd800 JavaThread "Cache worker for file content cache (E:\android project\.gradle\4.6\fileContent)" [_thread_blocked, id=14828, stack(0x0000000033080000,0x0000000033180000)]
  0x00000000242bb000 JavaThread "Build operations Thread 4" [_thread_blocked, id=25556, stack(0x0000000032f80000,0x0000000033080000)]
  0x00000000242b3800 JavaThread "Build operations Thread 3" [_thread_blocked, id=17504, stack(0x0000000032e80000,0x0000000032f80000)]
  0x00000000242ba800 JavaThread "Build operations Thread 2" [_thread_blocked, id=26780, stack(0x0000000032d80000,0x0000000032e80000)]
  0x00000000242b6800 JavaThread "Build operations" [_thread_blocked, id=43220, stack(0x0000000032c80000,0x0000000032d80000)]
  0x00000000242b3000 JavaThread "Cache worker for Artifact transforms cache (C:\Users\YangZhenYu\.gradle\caches\transforms-1)" [_thread_blocked, id=37384, stack(0x0000000032b80000,0x0000000032c80000)]
  0x00000000242b9000 JavaThread "Cache worker for file hash cache (E:\android project\.gradle\4.6\fileHashes)" [_thread_blocked, id=37808, stack(0x0000000032a80000,0x0000000032b80000)]
  0x00000000242b8000 JavaThread "Stdin handler" [_thread_blocked, id=37076, stack(0x0000000032980000,0x0000000032a80000)]
  0x00000000242b7800 JavaThread "Asynchronous log dispatcher for DefaultDaemonConnection: socket connection from /127.0.0.1:5473 to /127.0.0.1:10549" [_thread_blocked, id=13672, stack(0x0000000032880000,0x0000000032980000)]
  0x00000000242b9800 JavaThread "Cancel handler" [_thread_blocked, id=4036, stack(0x0000000032780000,0x0000000032880000)]
  0x00000000242b6000 JavaThread "Handler for socket connection from /127.0.0.1:5473 to /127.0.0.1:10549" [_thread_in_native, id=36884, stack(0x0000000032680000,0x0000000032780000)]
  0x00000000242b2000 JavaThread "Daemon worker Thread 5" [_thread_blocked, id=10580, stack(0x0000000030080000,0x0000000030180000)]
  0x00000000242b5000 JavaThread "Daemon Thread 5" [_thread_blocked, id=16116, stack(0x000000002fd80000,0x000000002fe80000)]
  0x000000001e7be000 JavaThread "RMI TCP Connection(100)-127.0.0.1" daemon [_thread_in_native, id=32172, stack(0x000000002e680000,0x000000002e780000)]
  0x000000001e7b6000 JavaThread "RMI TCP Connection(idle)" daemon [_thread_blocked, id=41748, stack(0x000000002e580000,0x000000002e680000)]
  0x000000001dd6e000 JavaThread "RMI Reaper" [_thread_blocked, id=25084, stack(0x000000002c480000,0x000000002c580000)]
  0x000000001dd67000 JavaThread "RMI TCP Accept-0" daemon [_thread_in_native, id=43392, stack(0x000000002c380000,0x000000002c480000)]
  0x000000001dd64000 JavaThread "GC Daemon" daemon [_thread_blocked, id=24204, stack(0x000000002c280000,0x000000002c380000)]
  0x000000001e7bd000 JavaThread "JMX server connection timeout 77" daemon [_thread_blocked, id=33340, stack(0x0000000028e80000,0x0000000028f80000)]
  0x000000001e7bb800 JavaThread "pool-1-thread-1" [_thread_blocked, id=37752, stack(0x0000000023dc0000,0x0000000023ec0000)]
  0x000000001e7b4800 JavaThread "Memory manager" [_thread_blocked, id=16196, stack(0x0000000021ef0000,0x0000000021ff0000)]
  0x000000001abda000 JavaThread "JMX server connection timeout 26" daemon [_thread_blocked, id=40456, stack(0x00000000214f0000,0x00000000215f0000)]
  0x000000001abd9000 JavaThread "RMI Scheduler(0)" daemon [_thread_blocked, id=37268, stack(0x00000000213f0000,0x00000000214f0000)]
  0x000000001abd6800 JavaThread "RMI TCP Accept-0" daemon [_thread_in_native, id=43424, stack(0x0000000020d60000,0x0000000020e60000)]
  0x000000001a95a800 JavaThread "File lock request listener" [_thread_in_native, id=29828, stack(0x000000001bcc0000,0x000000001bdc0000)]
  0x000000001a803000 JavaThread "Cache worker for file hash cache (C:\Users\YangZhenYu\.gradle\caches\4.6\fileHashes)" [_thread_blocked, id=32636, stack(0x000000001bbc0000,0x000000001bcc0000)]
  0x000000001a5f1800 JavaThread "Daemon periodic checks" [_thread_blocked, id=44768, stack(0x000000001b0c0000,0x000000001b1c0000)]
  0x000000001a6cc000 JavaThread "Incoming local TCP Connector on port 5473" [_thread_in_native, id=39296, stack(0x000000001af10000,0x000000001b010000)]
  0x0000000018aca000 JavaThread "Service Thread" daemon [_thread_blocked, id=25700, stack(0x0000000019340000,0x0000000019440000)]
  0x0000000018a4e800 JavaThread "C1 CompilerThread2" daemon [_thread_in_native, id=30868, stack(0x0000000019240000,0x0000000019340000)]
  0x000000001772d000 JavaThread "C2 CompilerThread1" daemon [_thread_in_native, id=30424, stack(0x0000000019140000,0x0000000019240000)]
=>0x000000001772a800 JavaThread "C2 CompilerThread0" daemon [_thread_in_native, id=45036, stack(0x0000000019040000,0x0000000019140000)]
  0x00000000176de800 JavaThread "Attach Listener" daemon [_thread_blocked, id=31632, stack(0x0000000018f40000,0x0000000019040000)]
  0x0000000018a48800 JavaThread "Signal Dispatcher" daemon [_thread_blocked, id=39944, stack(0x0000000018e40000,0x0000000018f40000)]
  0x00000000176be000 JavaThread "Finalizer" daemon [_thread_blocked, id=16944, stack(0x0000000018940000,0x0000000018a40000)]
  0x0000000002aa2000 JavaThread "Reference Handler" daemon [_thread_blocked, id=34232, stack(0x0000000018840000,0x0000000018940000)]
  0x00000000029b2800 JavaThread "main" [_thread_blocked, id=34044, stack(0x0000000002870000,0x0000000002970000)]

Other Threads:
  0x0000000017695800 VMThread [stack: 0x0000000018740000,0x0000000018840000] [id=15372]
  0x0000000018acb000 WatcherThread [stack: 0x0000000019440000,0x0000000019540000] [id=28020]

VM state:not at safepoint (normal execution)

VM Mutex/Monitor currently owned by a thread: None

Heap:
 PSYoungGen      total 668160K, used 80518K [0x00000000d5580000, 0x0000000100000000, 0x0000000100000000)
  eden space 637440K, 12% used [0x00000000d5580000,0x00000000da4219b0,0x00000000fc400000)
  from space 30720K, 0% used [0x00000000fc400000,0x00000000fc400000,0x00000000fe200000)
  to   space 30720K, 0% used [0x00000000fe200000,0x00000000fe200000,0x0000000100000000)
 ParOldGen       total 163328K, used 82938K [0x0000000080000000, 0x0000000089f80000, 0x00000000d5580000)
  object space 163328K, 50% used [0x0000000080000000,0x00000000850fe9f8,0x0000000089f80000)
 Metaspace       used 98991K, capacity 105040K, committed 105260K, reserved 1140736K
  class space    used 12537K, capacity 13747K, committed 13868K, reserved 1048576K

Card table byte_map: [0x0000000011e70000,0x0000000012280000] byte_map_base: 0x0000000011a70000

Marking Bits: (ParMarkBitMap*) 0x000000006bdf5aa0
 Begin Bits: [0x0000000012930000, 0x0000000014930000)
 End Bits:   [0x0000000014930000, 0x0000000016930000)

Polling page: 0x0000000000c90000

CodeCache: size=245760Kb used=61461Kb max_used=61461Kb free=184298Kb
 bounds [0x0000000002ab0000, 0x0000000006710000, 0x0000000011ab0000]
 total_blobs=18815 nmethods=17915 adapters=810
 compilation: enabled

Compilation events (10 events):
Event: 3100.679 Thread 0x0000000018a4e800 nmethod 22136 0x0000000006700850 code [0x00000000067009a0, 0x0000000006700af0]
Event: 3100.679 Thread 0x0000000018a4e800 22137       2       com.android.tools.r8.dex.VirtualFile$IndexedItemTransaction::getRenamedDescriptor (9 bytes)
Event: 3100.679 Thread 0x0000000018a4e800 nmethod 22137 0x0000000006700b90 code [0x0000000006700d00, 0x0000000006700e88]
Event: 3100.679 Thread 0x0000000018a4e800 22138       2       com.android.tools.r8.code.AgetObject::collectIndexedItems (8 bytes)
Event: 3100.680 Thread 0x0000000018a4e800 nmethod 22138 0x0000000006700f10 code [0x0000000006701060, 0x00000000067011b0]
Event: 3100.680 Thread 0x0000000018a4e800 22139       2       com.android.tools.r8.code.Format11x::collectIndexedItems (1 bytes)
Event: 3100.680 Thread 0x0000000018a4e800 nmethod 22139 0x0000000006701250 code [0x00000000067013a0, 0x00000000067014f0]
Event: 3100.680 Thread 0x0000000018a4e800 22140       2       com.android.tools.r8.code.ReturnObject::collectIndexedItems (8 bytes)
Event: 3100.680 Thread 0x0000000018a4e800 nmethod 22140 0x0000000006701590 code [0x00000000067016e0, 0x0000000006701830]
Event: 3100.680 Thread 0x0000000018a4e800 22141       2       com.android.tools.r8.code.Format35c::collectIndexedItems (11 bytes)

GC Heap History (10 events):
Event: 2757.253 GC heap before
{Heap before GC invocations=15 (full 3):
 PSYoungGen      total 444416K, used 433052K [0x00000000d5580000, 0x00000000f9b80000, 0x0000000100000000)
  eden space 414720K, 100% used [0x00000000d5580000,0x00000000eea80000,0x00000000eea80000)
  from space 29696K, 61% used [0x00000000eea80000,0x00000000efc67078,0x00000000f0780000)
  to   space 29696K, 0% used [0x00000000f7e80000,0x00000000f7e80000,0x00000000f9b80000)
 ParOldGen       total 163328K, used 64715K [0x0000000080000000, 0x0000000089f80000, 0x00000000d5580000)
  object space 163328K, 39% used [0x0000000080000000,0x0000000083f32d70,0x0000000089f80000)
 Metaspace       used 80351K, capacity 84687K, committed 84864K, reserved 1122304K
  class space    used 10413K, capacity 11380K, committed 11392K, reserved 1048576K
Event: 2757.294 GC heap after
Heap after GC invocations=15 (full 3):
 PSYoungGen      total 566784K, used 17627K [0x00000000d5580000, 0x00000000f9b80000, 0x0000000100000000)
  eden space 537088K, 0% used [0x00000000d5580000,0x00000000d5580000,0x00000000f6200000)
  from space 29696K, 59% used [0x00000000f7e80000,0x00000000f8fb6ef8,0x00000000f9b80000)
  to   space 29184K, 0% used [0x00000000f6200000,0x00000000f6200000,0x00000000f7e80000)
 ParOldGen       total 163328K, used 70821K [0x0000000080000000, 0x0000000089f80000, 0x00000000d5580000)
  object space 163328K, 43% used [0x0000000080000000,0x0000000084529688,0x0000000089f80000)
 Metaspace       used 80351K, capacity 84687K, committed 84864K, reserved 1122304K
  class space    used 10413K, capacity 11380K, committed 11392K, reserved 1048576K
}
Event: 3041.556 GC heap before
{Heap before GC invocations=16 (full 3):
 PSYoungGen      total 566784K, used 554715K [0x00000000d5580000, 0x00000000f9b80000, 0x0000000100000000)
  eden space 537088K, 100% used [0x00000000d5580000,0x00000000f6200000,0x00000000f6200000)
  from space 29696K, 59% used [0x00000000f7e80000,0x00000000f8fb6ef8,0x00000000f9b80000)
  to   space 29184K, 0% used [0x00000000f6200000,0x00000000f6200000,0x00000000f7e80000)
 ParOldGen       total 163328K, used 70821K [0x0000000080000000, 0x0000000089f80000, 0x00000000d5580000)
  object space 163328K, 43% used [0x0000000080000000,0x0000000084529688,0x0000000089f80000)
 Metaspace       used 87871K, capacity 93288K, committed 93568K, reserved 1130496K
  class space    used 11311K, capacity 12555K, committed 12672K, reserved 1048576K
Event: 3041.587 GC heap after
Heap after GC invocations=16 (full 3):
 PSYoungGen      total 566272K, used 21296K [0x00000000d5580000, 0x0000000100000000, 0x0000000100000000)
  eden space 537088K, 0% used [0x00000000d5580000,0x00000000d5580000,0x00000000f6200000)
  from space 29184K, 72% used [0x00000000f6200000,0x00000000f76cc0f8,0x00000000f7e80000)
  to   space 30208K, 0% used [0x00000000fe280000,0x00000000fe280000,0x0000000100000000)
 ParOldGen       total 163328K, used 72661K [0x0000000080000000, 0x0000000089f80000, 0x00000000d5580000)
  object space 163328K, 44% used [0x0000000080000000,0x00000000846f5718,0x0000000089f80000)
 Metaspace       used 87871K, capacity 93288K, committed 93568K, reserved 1130496K
  class space    used 11311K, capacity 12555K, committed 12672K, reserved 1048576K
}
Event: 3096.570 GC heap before
{Heap before GC invocations=17 (full 3):
 PSYoungGen      total 566272K, used 558384K [0x00000000d5580000, 0x0000000100000000, 0x0000000100000000)
  eden space 537088K, 100% used [0x00000000d5580000,0x00000000f6200000,0x00000000f6200000)
  from space 29184K, 72% used [0x00000000f6200000,0x00000000f76cc0f8,0x00000000f7e80000)
  to   space 30208K, 0% used [0x00000000fe280000,0x00000000fe280000,0x0000000100000000)
 ParOldGen       total 163328K, used 72661K [0x0000000080000000, 0x0000000089f80000, 0x00000000d5580000)
  object space 163328K, 44% used [0x0000000080000000,0x00000000846f5718,0x0000000089f80000)
 Metaspace       used 90452K, capacity 96254K, committed 96384K, reserved 1132544K
  class space    used 11517K, capacity 12802K, committed 12928K, reserved 1048576K
Event: 3096.593 GC heap after
Heap after GC invocations=17 (full 3):
 PSYoungGen      total 667648K, used 22163K [0x00000000d5580000, 0x0000000100000000, 0x0000000100000000)
  eden space 637440K, 0% used [0x00000000d5580000,0x00000000d5580000,0x00000000fc400000)
  from space 30208K, 73% used [0x00000000fe280000,0x00000000ff824d38,0x0000000100000000)
  to   space 30720K, 0% used [0x00000000fc400000,0x00000000fc400000,0x00000000fe200000)
 ParOldGen       total 163328K, used 72677K [0x0000000080000000, 0x0000000089f80000, 0x00000000d5580000)
  object space 163328K, 44% used [0x0000000080000000,0x00000000846f9718,0x0000000089f80000)
 Metaspace       used 90452K, capacity 96254K, committed 96384K, reserved 1132544K
  class space    used 11517K, capacity 12802K, committed 12928K, reserved 1048576K
}
Event: 3099.093 GC heap before
{Heap before GC invocations=18 (full 3):
 PSYoungGen      total 667648K, used 198979K [0x00000000d5580000, 0x0000000100000000, 0x0000000100000000)
  eden space 637440K, 27% used [0x00000000d5580000,0x00000000e022c010,0x00000000fc400000)
  from space 30208K, 73% used [0x00000000fe280000,0x00000000ff824d38,0x0000000100000000)
  to   space 30720K, 0% used [0x00000000fc400000,0x00000000fc400000,0x00000000fe200000)
 ParOldGen       total 163328K, used 72677K [0x0000000080000000, 0x0000000089f80000, 0x00000000d5580000)
  object space 163328K, 44% used [0x0000000080000000,0x00000000846f9718,0x0000000089f80000)
 Metaspace       used 92268K, capacity 98306K, committed 98348K, reserved 1134592K
  class space    used 11745K, capacity 13076K, committed 13100K, reserved 1048576K
Event: 3099.125 GC heap after
Heap after GC invocations=18 (full 3):
 PSYoungGen      total 668160K, used 30694K [0x00000000d5580000, 0x0000000100000000, 0x0000000100000000)
  eden space 637440K, 0% used [0x00000000d5580000,0x00000000d5580000,0x00000000fc400000)
  from space 30720K, 99% used [0x00000000fc400000,0x00000000fe1f9830,0x00000000fe200000)
  to   space 30720K, 0% used [0x00000000fe200000,0x00000000fe200000,0x0000000100000000)
 ParOldGen       total 163328K, used 79049K [0x0000000080000000, 0x0000000089f80000, 0x00000000d5580000)
  object space 163328K, 48% used [0x0000000080000000,0x0000000084d32638,0x0000000089f80000)
 Metaspace       used 92268K, capacity 98306K, committed 98348K, reserved 1134592K
  class space    used 11745K, capacity 13076K, committed 13100K, reserved 1048576K
}
Event: 3099.125 GC heap before
{Heap before GC invocations=19 (full 4):
 PSYoungGen      total 668160K, used 30694K [0x00000000d5580000, 0x0000000100000000, 0x0000000100000000)
  eden space 637440K, 0% used [0x00000000d5580000,0x00000000d5580000,0x00000000fc400000)
  from space 30720K, 99% used [0x00000000fc400000,0x00000000fe1f9830,0x00000000fe200000)
  to   space 30720K, 0% used [0x00000000fe200000,0x00000000fe200000,0x0000000100000000)
 ParOldGen       total 163328K, used 79049K [0x0000000080000000, 0x0000000089f80000, 0x00000000d5580000)
  object space 163328K, 48% used [0x0000000080000000,0x0000000084d32638,0x0000000089f80000)
 Metaspace       used 92268K, capacity 98306K, committed 98348K, reserved 1134592K
  class space    used 11745K, capacity 13076K, committed 13100K, reserved 1048576K
Event: 3099.586 GC heap after
Heap after GC invocations=19 (full 4):
 PSYoungGen      total 668160K, used 0K [0x00000000d5580000, 0x0000000100000000, 0x0000000100000000)
  eden space 637440K, 0% used [0x00000000d5580000,0x00000000d5580000,0x00000000fc400000)
  from space 30720K, 0% used [0x00000000fc400000,0x00000000fc400000,0x00000000fe200000)
  to   space 30720K, 0% used [0x00000000fe200000,0x00000000fe200000,0x0000000100000000)
 ParOldGen       total 163328K, used 82938K [0x0000000080000000, 0x0000000089f80000, 0x00000000d5580000)
  object space 163328K, 50% used [0x0000000080000000,0x00000000850fe9f8,0x0000000089f80000)
 Metaspace       used 91760K, capacity 97110K, committed 98348K, reserved 1134592K
  class space    used 11637K, capacity 12764K, committed 13100K, reserved 1048576K
}

Deoptimization events (10 events):
Event: 3100.180 Thread 0x000000001dd66800 Uncommon trap: reason=bimorphic action=maybe_recompile pc=0x00000000064391a0 method=java.util.stream.StreamOpFlag.fromCharacteristics(Ljava/util/Spliterator;)I @ 14
Event: 3100.180 Thread 0x000000001dd62000 Uncommon trap: reason=bimorphic action=maybe_recompile pc=0x00000000064391a0 method=java.util.stream.StreamOpFlag.fromCharacteristics(Ljava/util/Spliterator;)I @ 14
Event: 3100.182 Thread 0x000000001dd62800 Uncommon trap: reason=bimorphic action=maybe_recompile pc=0x00000000064391a0 method=java.util.stream.StreamOpFlag.fromCharacteristics(Ljava/util/Spliterator;)I @ 14
Event: 3100.195 Thread 0x000000001dd62000 Uncommon trap: reason=bimorphic action=maybe_recompile pc=0x00000000064391a0 method=java.util.stream.StreamOpFlag.fromCharacteristics(Ljava/util/Spliterator;)I @ 14
Event: 3100.196 Thread 0x000000001dd62000 Uncommon trap: reason=bimorphic action=maybe_recompile pc=0x00000000064065d4 method=java.util.stream.StreamOpFlag.fromCharacteristics(Ljava/util/Spliterator;)I @ 14
Event: 3100.216 Thread 0x000000001dd66800 Uncommon trap: reason=unstable_if action=reinterpret pc=0x00000000056fc2a0 method=com.android.tools.r8.graph.DexString.decode()Ljava/lang/String; @ 53
Event: 3100.535 Thread 0x000000001dd62800 Uncommon trap: reason=unstable_if action=reinterpret pc=0x0000000005f9ef34 method=com.android.tools.r8.graph.DexString.countBytes(Ljava/lang/String;)I @ 38
Event: 3100.543 Thread 0x000000001dd62000 Uncommon trap: reason=unstable_if action=reinterpret pc=0x000000000470e90c method=com.android.tools.r8.graph.DexString.slowCompareTo(Lcom/android/tools/r8/graph/DexString;)I @ 54
Event: 3100.593 Thread 0x000000001dd66800 Uncommon trap: reason=class_check action=maybe_recompile pc=0x0000000006591f90 method=com.android.tools.r8.ir.code.BasicBlock.readCurrentDefinition(ILcom/android/tools/r8/ir/code/BasicBlock$EdgeType;)Lcom/android/tools/r8/ir/code/Value; @ 37
Event: 3100.593 Thread 0x000000001dd66800 Uncommon trap: reason=class_check action=maybe_recompile pc=0x00000000065bad28 method=com.android.tools.r8.ir.code.BasicBlock.readCurrentDefinition(ILcom/android/tools/r8/ir/code/BasicBlock$EdgeType;)Lcom/android/tools/r8/ir/code/Value; @ 37

Classes redefined (0 events):
No events

Internal exceptions (10 events):
Event: 3098.583 Thread 0x00000000242b2000 Exception <a 'sun/nio/fs/WindowsException'> (0x00000000dcfd5dc0) thrown at [D:\src\AOSP-openjdk-cygwin\jdk8u\hotspot\src\share\vm\prims\jni.cpp, line 709]
Event: 3099.028 Thread 0x00000000242b2000 Exception <a 'sun/nio/fs/WindowsException'> (0x00000000dfcfe9c0) thrown at [D:\src\AOSP-openjdk-cygwin\jdk8u\hotspot\src\share\vm\prims\jni.cpp, line 709]
Event: 3099.028 Thread 0x00000000242b2000 Exception <a 'sun/nio/fs/WindowsException'> (0x00000000dfcff608) thrown at [D:\src\AOSP-openjdk-cygwin\jdk8u\hotspot\src\share\vm\prims\jni.cpp, line 709]
Event: 3099.028 Thread 0x00000000242b2000 Exception <a 'sun/nio/fs/WindowsException'> (0x00000000dfd016f8) thrown at [D:\src\AOSP-openjdk-cygwin\jdk8u\hotspot\src\share\vm\prims\jni.cpp, line 709]
Event: 3099.055 Thread 0x000000001dd66800 Exception <a 'java/lang/NoSuchMethodError': java.lang.Object.lambda$static$0(Ljava/lang/String;)Z> (0x00000000e0041540) thrown at [D:\src\AOSP-openjdk-cygwin\jdk8u\hotspot\src\share\vm\interpreter\linkResolver.cpp, line 584]
Event: 3100.154 Thread 0x000000001dd66800 Exception <a 'sun/nio/fs/WindowsException'> (0x00000000d7a2fb00) thrown at [D:\src\AOSP-openjdk-cygwin\jdk8u\hotspot\src\share\vm\prims\jni.cpp, line 709]
Event: 3100.154 Thread 0x000000001dd62000 Exception <a 'sun/nio/fs/WindowsException'> (0x00000000d79d4f98) thrown at [D:\src\AOSP-openjdk-cygwin\jdk8u\hotspot\src\share\vm\prims\jni.cpp, line 709]
Event: 3100.157 Thread 0x000000001dd62800 Exception <a 'sun/nio/fs/WindowsException'> (0x00000000d7add638) thrown at [D:\src\AOSP-openjdk-cygwin\jdk8u\hotspot\src\share\vm\prims\jni.cpp, line 709]
Event: 3100.551 Thread 0x000000001dd62000 Exception <a 'sun/nio/fs/WindowsException'> (0x00000000d99cbf98) thrown at [D:\src\AOSP-openjdk-cygwin\jdk8u\hotspot\src\share\vm\prims\jni.cpp, line 709]
Event: 3100.658 Thread 0x000000001dd62000 Exception <a 'sun/nio/fs/WindowsException'> (0x00000000d99d4e58) thrown at [D:\src\AOSP-openjdk-cygwin\jdk8u\hotspot\src\share\vm\prims\jni.cpp, line 709]

Events (10 events):
Event: 3100.592 loading class com/android/tools/r8/graph/DexDebugEvent$AdvanceLine
Event: 3100.592 loading class com/android/tools/r8/graph/DexDebugEvent$AdvanceLine done
Event: 3100.592 loading class com/android/tools/r8/graph/DexDebugEvent$AdvanceLine
Event: 3100.592 loading class com/android/tools/r8/graph/DexDebugEvent$AdvanceLine done
Event: 3100.593 Thread 0x000000001dd66800 Uncommon trap: trap_request=0xffffffde fr.pc=0x0000000006591f90
Event: 3100.593 Thread 0x000000001dd66800 DEOPT PACKING pc=0x0000000006591f90 sp=0x000000003407dd00
Event: 3100.593 Thread 0x000000001dd66800 DEOPT UNPACKING pc=0x0000000002af557b sp=0x000000003407dc98 mode 2
Event: 3100.593 Thread 0x000000001dd66800 Uncommon trap: trap_request=0xffffffde fr.pc=0x00000000065bad28
Event: 3100.593 Thread 0x000000001dd66800 DEOPT PACKING pc=0x00000000065bad28 sp=0x000000003407db90
Event: 3100.593 Thread 0x000000001dd66800 DEOPT UNPACKING pc=0x0000000002af557b sp=0x000000003407dad0 mode 2


Dynamic libraries:
0x00007ff60e6c0000 - 0x00007ff60e6f1000 	D:\Android Studio 3.2\android-studio-ide-181.4847800-windows\android-studio\jre\bin\java.exe
0x00007ff89afd0000 - 0x00007ff89b1b1000 	C:\WINDOWS\SYSTEM32\ntdll.dll
0x00007ff8988a0000 - 0x00007ff898952000 	C:\WINDOWS\System32\KERNEL32.DLL
0x00007ff8974a0000 - 0x00007ff897713000 	C:\WINDOWS\System32\KERNELBASE.dll
0x00007ff898740000 - 0x00007ff8987e1000 	C:\WINDOWS\System32\ADVAPI32.dll
0x00007ff898470000 - 0x00007ff89850e000 	C:\WINDOWS\System32\msvcrt.dll
0x00007ff89af40000 - 0x00007ff89af9b000 	C:\WINDOWS\System32\sechost.dll
0x00007ff898b00000 - 0x00007ff898c24000 	C:\WINDOWS\System32\RPCRT4.dll
0x00007ff89ab90000 - 0x00007ff89ad20000 	C:\WINDOWS\System32\USER32.dll
0x00007ff898440000 - 0x00007ff898460000 	C:\WINDOWS\System32\win32u.dll
0x00007ff89ae60000 - 0x00007ff89ae88000 	C:\WINDOWS\System32\GDI32.dll
0x00007ff898180000 - 0x00007ff898312000 	C:\WINDOWS\System32\gdi32full.dll
0x00007ff8983a0000 - 0x00007ff89843f000 	C:\WINDOWS\System32\msvcp_win.dll
0x00007ff8973a0000 - 0x00007ff89749a000 	C:\WINDOWS\System32\ucrtbase.dll
0x00007ff889ec0000 - 0x00007ff88a129000 	C:\WINDOWS\WinSxS\amd64_microsoft.windows.common-controls_6595b64144ccf1df_6.0.17134.590_none_fb3d9bff3069e088\COMCTL32.dll
0x00007ff8990f0000 - 0x00007ff899412000 	C:\WINDOWS\System32\combase.dll
0x00007ff898320000 - 0x00007ff89839a000 	C:\WINDOWS\System32\bcryptPrimitives.dll
0x00007ff8987f0000 - 0x00007ff89881d000 	C:\WINDOWS\System32\IMM32.DLL
0x000000006a540000 - 0x000000006a612000 	D:\Android Studio 3.2\android-studio-ide-181.4847800-windows\android-studio\jre\jre\bin\msvcr100.dll
0x000000006b630000 - 0x000000006be71000 	D:\Android Studio 3.2\android-studio-ide-181.4847800-windows\android-studio\jre\jre\bin\server\jvm.dll
0x00007ff898510000 - 0x00007ff898518000 	C:\WINDOWS\System32\PSAPI.DLL
0x00007ff87f310000 - 0x00007ff87f319000 	C:\WINDOWS\SYSTEM32\WSOCK32.dll
0x00007ff898c30000 - 0x00007ff898c9c000 	C:\WINDOWS\System32\WS2_32.dll
0x00007ff895520000 - 0x00007ff895543000 	C:\WINDOWS\SYSTEM32\WINMM.dll
0x00007ff88b6a0000 - 0x00007ff88b6aa000 	C:\WINDOWS\SYSTEM32\VERSION.dll
0x00007ff895400000 - 0x00007ff89542a000 	C:\WINDOWS\SYSTEM32\WINMMBASE.dll
0x00007ff8977d0000 - 0x00007ff897819000 	C:\WINDOWS\System32\cfgmgr32.dll
0x00007ff892f70000 - 0x00007ff892f7f000 	D:\Android Studio 3.2\android-studio-ide-181.4847800-windows\android-studio\jre\jre\bin\verify.dll
0x00007ff889350000 - 0x00007ff889379000 	D:\Android Studio 3.2\android-studio-ide-181.4847800-windows\android-studio\jre\jre\bin\java.dll
0x00007ff891e20000 - 0x00007ff891e36000 	D:\Android Studio 3.2\android-studio-ide-181.4847800-windows\android-studio\jre\jre\bin\zip.dll
0x00007ff899750000 - 0x00007ff89ab90000 	C:\WINDOWS\System32\SHELL32.dll
0x00007ff89ae90000 - 0x00007ff89af39000 	C:\WINDOWS\System32\shcore.dll
0x00007ff897820000 - 0x00007ff897f2d000 	C:\WINDOWS\System32\windows.storage.dll
0x00007ff8996f0000 - 0x00007ff899741000 	C:\WINDOWS\System32\shlwapi.dll
0x00007ff897360000 - 0x00007ff897371000 	C:\WINDOWS\System32\kernel.appcore.dll
0x00007ff8972f0000 - 0x00007ff89730f000 	C:\WINDOWS\System32\profapi.dll
0x00007ff897310000 - 0x00007ff89735c000 	C:\WINDOWS\System32\powrprof.dll
0x00007ff8972e0000 - 0x00007ff8972ea000 	C:\WINDOWS\System32\FLTLIB.DLL
0x00007ff891cf0000 - 0x00007ff891d0a000 	D:\Android Studio 3.2\android-studio-ide-181.4847800-windows\android-studio\jre\jre\bin\net.dll
0x00007ff896b60000 - 0x00007ff896bc6000 	C:\WINDOWS\system32\mswsock.dll
0x00007ff88afa0000 - 0x00007ff88afb1000 	D:\Android Studio 3.2\android-studio-ide-181.4847800-windows\android-studio\jre\jre\bin\nio.dll
0x00007ff87c800000 - 0x00007ff87c81e000 	C:\Users\YangZhenYu\.gradle\native\25\windows-amd64\native-platform.dll
0x00007ff88ea40000 - 0x00007ff88ea4d000 	D:\Android Studio 3.2\android-studio-ide-181.4847800-windows\android-studio\jre\jre\bin\management.dll
0x00007ff896d20000 - 0x00007ff896d37000 	C:\WINDOWS\SYSTEM32\CRYPTSP.dll
0x00007ff8966e0000 - 0x00007ff896713000 	C:\WINDOWS\system32\rsaenh.dll
0x00007ff896e40000 - 0x00007ff896e65000 	C:\WINDOWS\SYSTEM32\bcrypt.dll
0x00007ff8971e0000 - 0x00007ff897208000 	C:\WINDOWS\SYSTEM32\USERENV.dll
0x00007ff896d10000 - 0x00007ff896d1b000 	C:\WINDOWS\SYSTEM32\CRYPTBASE.dll
0x00007ff8968e0000 - 0x00007ff896918000 	C:\WINDOWS\SYSTEM32\IPHLPAPI.DLL
0x00007ff898460000 - 0x00007ff898468000 	C:\WINDOWS\System32\NSI.dll
0x00007ff88bf50000 - 0x00007ff88bf66000 	C:\WINDOWS\SYSTEM32\dhcpcsvc6.DLL
0x00007ff88c270000 - 0x00007ff88c28a000 	C:\WINDOWS\SYSTEM32\dhcpcsvc.DLL
0x00007ff896920000 - 0x00007ff8969de000 	C:\WINDOWS\SYSTEM32\DNSAPI.dll
0x000000006c4c0000 - 0x000000006c4e6000 	C:\Program Files\Bonjour\mdnsNSP.dll
0x00007ff8898c0000 - 0x00007ff8898ca000 	C:\Windows\System32\rasadhlp.dll
0x00007ff889b20000 - 0x00007ff889b92000 	C:\WINDOWS\System32\fwpuclnt.dll
0x00007ff893f30000 - 0x00007ff893f4e000 	C:\Users\YangZhenYu\AppData\Local\Temp\native-platform7270626963316215907dir\native-platform.dll
0x00007ff896400000 - 0x00007ff896431000 	C:\WINDOWS\SYSTEM32\ntmarta.dll

VM Arguments:
jvm_args: -XX:MaxPermSize=512m -XX:+HeapDumpOnOutOfMemoryError -Xmx2048m -Dfile.encoding=UTF-8 -Duser.country=CN -Duser.language=zh -Duser.variant 
java_command: org.gradle.launcher.daemon.bootstrap.GradleDaemon 4.6
java_class_path (initial): C:\Users\YangZhenYu\.gradle\wrapper\dists\gradle-4.6-all\bcst21l2brirad8k2ben1letg\gradle-4.6\lib\gradle-launcher-4.6.jar
Launcher Type: SUN_STANDARD

Environment Variables:
JAVA_HOME=C:\Program Files\Java\jdk1.8.0_171
PATH=C:\Program Files (x86)\Common Files\Oracle\Java\javapath;C:\WINDOWS\system32;C:\WINDOWS;C:\WINDOWS\System32\Wbem;C:\WINDOWS\System32\WindowsPowerShell\v1.0\;E:\Git\cmd;C:\WINDOWS\System32\OpenSSH\;D:\TortoiseSVN\bin;C:\Program Files\nodejs\;C:\Users\YangZhenYu\AppData\Local\Microsoft\WindowsApps;C:\Program Files\Java\jdk1.8.0_171\bin;D:\Microsoft VS Code\bin;D:\Python27;C:\Users\YangZhenYu\AppData\Roaming\npm;D:\sdk\flutter_windows_v1.0.0-stable\flutter\bin;D:\newSDK\\platform-tools;D:\newSDK\\tools;E:\mysql-5.7.24-winx64\mysql-5.7.24-winx64\bin;E:\maven\apache-maven-3.6.0-bin\apache-maven-3.6.0\bin;
USERNAME=YangZhenYu
OS=Windows_NT
PROCESSOR_IDENTIFIER=Intel64 Family 6 Model 94 Stepping 3, GenuineIntel



---------------  S Y S T E M  ---------------

OS: Windows 10.0 , 64 bit Build 17134 (10.0.17134.556)

CPU:total 4 (initial active 4) (4 cores per cpu, 1 threads per core) family 6 model 94 stepping 3, cmov, cx8, fxsr, mmx, sse, sse2, sse3, ssse3, sse4.1, sse4.2, popcnt, avx, avx2, aes, clmul, erms, rtm, 3dnowpref, lzcnt, tsc, tscinvbit, bmi1, bmi2, adx

Memory: 4k page, physical 16660688k(2032268k free), swap 26104880k(5364k free)

vm_info: OpenJDK 64-Bit Server VM (25.152-b04) for windows-amd64 JRE (1.8.0_152-release-1136-b04), built by "builder" with MS VC++ 10.0 (VS2010)

time: Fri Feb 15 15:08:09 2019
elapsed time: 3100 seconds (0d 0h 51m 40s)

